<?xml version="1.0" encoding="UTF-8"?>
<testsuite name="organizador.SubMetaSpec" tests="1" skipped="0" failures="1" errors="0" timestamp="2017-07-02T19:26:57" hostname="DESKTOP-DFO5KQS" time="0.002">
  <properties/>
  <testcase name="test something" classname="organizador.SubMetaSpec" time="0.002">
    <failure message="Condition not satisfied:&#10;&#10;true == false&#10;     |&#10;     false&#10;" type="org.spockframework.runtime.SpockComparisonFailure">Condition not satisfied:

true == false
     |
     false

	at organizador.SubMetaSpec.test something(SubMetaSpec.groovy:16)
</failure>
  </testcase>
  <system-out><![CDATA[]]></system-out>
  <system-err><![CDATA[]]></system-err>
</testsuite>
